Using pre-set license
Built from '2020.3/release' branch; Version is '2020.3.12f1 (b3b2c6512326) revision 11776710'; Using compiler version '192528614'; Build Type 'Release'
OS: 'Windows 10 Pro; OS build 19042.1052; Version 2009; 64bit' Language: 'fr' Physical Memory: 8071 MB
BatchMode: 1, IsHumanControllingUs: 0, StartBugReporterOnCrash: 0, Is64bit: 1, IsPro: 0

 COMMAND LINE ARGUMENTS:
C:\Program Files\Unity\Hub\Editor\2020.3.12f1\Editor\Unity.exe
-adb2
-batchMode
-noUpm
-name
AssetImportWorker0
-projectPath
C:/Users/hp/Roll-a-ball
-logFile
Logs/AssetImportWorker0.log
-srvPort
51223
Successfully changed project path to: C:/Users/hp/Roll-a-ball
C:/Users/hp/Roll-a-ball
Using Asset Import Pipeline V2.
Refreshing native plugins compatible for Editor in 110.92 ms, found 2 plugins.
Preloading 0 native plugins for Editor in 0.00 ms.
Initialize engine version: 2020.3.12f1 (b3b2c6512326)
[Subsystems] Discovering subsystems at path C:/Program Files/Unity/Hub/Editor/2020.3.12f1/Editor/Data/Resources/UnitySubsystems
[Subsystems] Discovering subsystems at path C:/Users/hp/Roll-a-ball/Assets
GfxDevice: creating device client; threaded=0
Direct3D:
    Version:  Direct3D 11.0 [level 11.1]
    Renderer: Intel(R) HD Graphics 520 (ID=0x1916)
    Vendor:   
    VRAM:     4035 MB
    Driver:   27.20.100.8854
Initialize mono
Mono path[0] = 'C:/Program Files/Unity/Hub/Editor/2020.3.12f1/Editor/Data/Managed'
Mono path[1] = 'C:/Program Files/Unity/Hub/Editor/2020.3.12f1/Editor/Data/MonoBleedingEdge/lib/mono/unityjit'
Mono config path = 'C:/Program Files/Unity/Hub/Editor/2020.3.12f1/Editor/Data/MonoBleedingEdge/etc'
Using monoOptions --debugger-agent=transport=dt_socket,embedding=1,server=y,suspend=n,address=127.0.0.1:56928
Begin MonoManager ReloadAssembly
Registering precompiled unity dll's ...
Register platform support module: C:/Program Files/Unity/Hub/Editor/2020.3.12f1/Editor/Data/PlaybackEngines/WebGLSupport/UnityEditor.WebGL.Extensions.dll
Register platform support module: C:/Program Files/Unity/Hub/Editor/2020.3.12f1/Editor/Data/PlaybackEngines/WindowsStandaloneSupport/UnityEditor.WindowsStandalone.Extensions.dll
Registered in 0.007361 seconds.
Native extension for WindowsStandalone target not found
Native extension for WebGL target not found
Refreshing native plugins compatible for Editor in 91.32 ms, found 2 plugins.
Preloading 0 native plugins for Editor in 0.00 ms.
Mono: successfully reloaded assembly
- Completed reload, in  3.325 seconds
Platform modules already initialized, skipping
Registering precompiled user dll's ...
Registered in 0.031618 seconds.
Begin MonoManager ReloadAssembly
Native extension for WindowsStandalone target not found
Native extension for WebGL target not found
Refreshing native plugins compatible for Editor in 131.10 ms, found 2 plugins.
Preloading 0 native plugins for Editor in 0.00 ms.
Mono: successfully reloaded assembly
- Completed reload, in  2.164 seconds
Platform modules already initialized, skipping
========================================================================
Worker process is ready to serve import requests
Shader 'Universal Render Pipeline/Particles/Lit': fallback shader 'Universal Render Pipeline/Particles/SimpleLit' not found
Shader 'Universal Render Pipeline/Particles/Lit': fallback shader 'Universal Render Pipeline/Particles/SimpleLit' not found
Launched and connected shader compiler UnityShaderCompiler.exe after 0.09 seconds
Refreshing native plugins compatible for Editor in 0.62 ms, found 2 plugins.
Preloading 0 native plugins for Editor in 0.00 ms.
Unloading 3004 Unused Serialized files (Serialized files now loaded: 0)
System memory in use before: 134.8 MB.
System memory in use after: 132.0 MB.

Unloading 56 unused Assets to reduce memory usage. Loaded Objects now: 3405.
Total: 6.712100 ms (FindLiveObjects: 0.563100 ms CreateObjectMapping: 0.202700 ms MarkObjects: 3.235300 ms  DeleteObjects: 2.709000 ms)

AssetImportParameters requested are different than current active one (requested -> active):
  custom:framework-win-MediaFoundation: 216162199b28c13a410421893ffa2e32 -> 
  custom:video-decoder-ogg-theora: a1e56fd34408186e4bbccfd4996cb3dc -> 
  custom:container-muxer-webm: aa71ff27fc2769a1b78a27578f13a17b -> 
  custom:container-demuxer-webm: 4f35f7cbe854078d1ac9338744f61a02 -> 
  custom:container-demuxer-ogg: 62fdf1f143b41e24485cea50d1cbac27 -> 
  custom:video-encoder-webm-vp8: eb34c28f22e8b96e1ab97ce403110664 -> 
  custom:video-decoder-webm-vp8: 9c59270c3fd7afecdb556c50c9e8de78 -> 
  custom:audio-decoder-ogg-vorbis: bf7c407c2cedff20999df2af8eb42d56 -> 
  custom:audio-encoder-webm-vorbis: bf7c407c2cedff20999df2af8eb42d56 -> 
========================================================================
Received Import Request.
  path: Assets/Template/Materials/Skybox_Mat.mat
  artifactKey: Guid(0ffaa0b7117ba8c47a9d05ae701d4b4d) Importer(815301076,1909f56bfc062723c751e8b465ee728b)
Start importing Assets/Template/Materials/Skybox_Mat.mat using Guid(0ffaa0b7117ba8c47a9d05ae701d4b4d) Importer(815301076,1909f56bfc062723c751e8b465ee728b)  -> (artifact id: '4d54ab3375f41efad00566dcae11def2') in 0.542264 seconds 
  Import took 0.552169 seconds .

========================================================================
Received Prepare
Registering precompiled user dll's ...
Registered in 0.102996 seconds.
Begin MonoManager ReloadAssembly
Native extension for WindowsStandalone target not found
Native extension for WebGL target not found
Refreshing native plugins compatible for Editor in 3.18 ms, found 2 plugins.
Preloading 0 native plugins for Editor in 0.00 ms.
Mono: successfully reloaded assembly
- Completed reload, in  8.029 seconds
Platform modules already initialized, skipping
Shader 'Universal Render Pipeline/Particles/Lit': fallback shader 'Universal Render Pipeline/Particles/SimpleLit' not found
Shader 'Universal Render Pipeline/Particles/Lit': fallback shader 'Universal Render Pipeline/Particles/SimpleLit' not found
Refreshing native plugins compatible for Editor in 2.32 ms, found 2 plugins.
Preloading 0 native plugins for Editor in 0.00 ms.
Unloading 2916 Unused Serialized files (Serialized files now loaded: 0)
System memory in use before: 135.4 MB.
System memory in use after: 132.6 MB.

Unloading 49 unused Assets to reduce memory usage. Loaded Objects now: 3486.
Total: 28.186700 ms (FindLiveObjects: 5.134100 ms CreateObjectMapping: 1.054700 ms MarkObjects: 14.007800 ms  DeleteObjects: 7.986000 ms)

AssetImportParameters requested are different than current active one (requested -> active):
  custom:framework-win-MediaFoundation: 216162199b28c13a410421893ffa2e32 -> 
  custom:video-decoder-ogg-theora: a1e56fd34408186e4bbccfd4996cb3dc -> 
  custom:container-muxer-webm: aa71ff27fc2769a1b78a27578f13a17b -> 
  custom:container-demuxer-webm: 4f35f7cbe854078d1ac9338744f61a02 -> 
  custom:container-demuxer-ogg: 62fdf1f143b41e24485cea50d1cbac27 -> 
  custom:video-encoder-webm-vp8: eb34c28f22e8b96e1ab97ce403110664 -> 
  custom:video-decoder-webm-vp8: 9c59270c3fd7afecdb556c50c9e8de78 -> 
  custom:audio-decoder-ogg-vorbis: bf7c407c2cedff20999df2af8eb42d56 -> 
  custom:audio-encoder-webm-vorbis: bf7c407c2cedff20999df2af8eb42d56 -> 
========================================================================
Received Import Request.
  Time since last request: 4737.537870 seconds.
  path: Assets/Scripts/PlayerController.cs
  artifactKey: Guid(e62f49cc098f38148a6145f44fe1ef15) Importer(815301076,1909f56bfc062723c751e8b465ee728b)
Start importing Assets/Scripts/PlayerController.cs using Guid(e62f49cc098f38148a6145f44fe1ef15) Importer(815301076,1909f56bfc062723c751e8b465ee728b)  -> (artifact id: '3cf42e5f76b0da600ec77774c6b6fa8d') in 0.199983 seconds 
  Import took 0.364155 seconds .

========================================================================
Received Import Request.
  Time since last request: 845.828201 seconds.
  path: Assets/Perfabs2
  artifactKey: Guid(32cf0c52e586b504197c3e2ea779402c) Importer(815301076,1909f56bfc062723c751e8b465ee728b)
Start importing Assets/Perfabs2 using Guid(32cf0c52e586b504197c3e2ea779402c) Importer(815301076,1909f56bfc062723c751e8b465ee728b)  -> (artifact id: '538ef48cfae7d0e0f5bbd215a5da7a08') in 0.018219 seconds 
  Import took 0.042930 seconds .

========================================================================
Received Import Request.
  Time since last request: 0.000427 seconds.
  path: Assets/Perfabs2
  artifactKey: Guid(32cf0c52e586b504197c3e2ea779402c) Importer(815301076,1909f56bfc062723c751e8b465ee728b)
Start importing Assets/Perfabs2 using Guid(32cf0c52e586b504197c3e2ea779402c) Importer(815301076,1909f56bfc062723c751e8b465ee728b)  -> (artifact id: '538ef48cfae7d0e0f5bbd215a5da7a08') in 0.007338 seconds 
  Import took 0.019046 seconds .

========================================================================
Received Import Request.
  Time since last request: 143.770999 seconds.
  path: Assets/Materials/New Material 1.mat
  artifactKey: Guid(0f20cdf5b6a24e44a8d9a173cc431874) Importer(815301076,1909f56bfc062723c751e8b465ee728b)
Start importing Assets/Materials/New Material 1.mat using Guid(0f20cdf5b6a24e44a8d9a173cc431874) Importer(815301076,1909f56bfc062723c751e8b465ee728b)  -> (artifact id: 'cdc82573274ee815b3e0164f4b1c435b') in 0.465708 seconds 
  Import took 0.476053 seconds .

========================================================================
Received Import Request.
  Time since last request: 539.250401 seconds.
  path: Assets/Perfabs2/PickUp (14).prefab
  artifactKey: Guid(7c4183270064f0f4e99c24a0615e570b) Importer(815301076,1909f56bfc062723c751e8b465ee728b)
Start importing Assets/Perfabs2/PickUp (14).prefab using Guid(7c4183270064f0f4e99c24a0615e570b) Importer(815301076,1909f56bfc062723c751e8b465ee728b)  -> (artifact id: '7862d71e0d910bb8c59124428170825f') in 0.095995 seconds 
  Import took 0.105783 seconds .

========================================================================
Received Import Request.
  Time since last request: 0.002791 seconds.
  path: Assets/Perfabs2/PickUp (14).prefab
  artifactKey: Guid(7c4183270064f0f4e99c24a0615e570b) Importer(815301076,1909f56bfc062723c751e8b465ee728b)
Start importing Assets/Perfabs2/PickUp (14).prefab using Guid(7c4183270064f0f4e99c24a0615e570b) Importer(815301076,1909f56bfc062723c751e8b465ee728b)  -> (artifact id: '7862d71e0d910bb8c59124428170825f') in 0.036643 seconds 
  Import took 0.044825 seconds .

========================================================================
Received Import Request.
  Time since last request: 25.553165 seconds.
  path: ProjectSettings/TagManager.asset
  artifactKey: Guid(00000000000000003000000000000000) Importer(815301076,1909f56bfc062723c751e8b465ee728b)
Start importing ProjectSettings/TagManager.asset using Guid(00000000000000003000000000000000) Importer(815301076,1909f56bfc062723c751e8b465ee728b)  -> (artifact id: '95c086547fec934be8741f79351a4f42') in 0.016794 seconds 
  Import took 0.028154 seconds .

========================================================================
Received Import Request.
  Time since last request: 129.948003 seconds.
  path: Assets/Perfabs2/PickUp (14).prefab
  artifactKey: Guid(7c4183270064f0f4e99c24a0615e570b) Importer(815301076,1909f56bfc062723c751e8b465ee728b)
Start importing Assets/Perfabs2/PickUp (14).prefab using Guid(7c4183270064f0f4e99c24a0615e570b) Importer(815301076,1909f56bfc062723c751e8b465ee728b)  -> (artifact id: '65de5e4d4481d568376c4a4775a12480') in 0.039223 seconds 
  Import took 0.048568 seconds .

========================================================================
Received Import Request.
  Time since last request: 0.024157 seconds.
  path: Assets/Perfabs2/PickUp (14).prefab
  artifactKey: Guid(7c4183270064f0f4e99c24a0615e570b) Importer(815301076,1909f56bfc062723c751e8b465ee728b)
Start importing Assets/Perfabs2/PickUp (14).prefab using Guid(7c4183270064f0f4e99c24a0615e570b) Importer(815301076,1909f56bfc062723c751e8b465ee728b)  -> (artifact id: '65de5e4d4481d568376c4a4775a12480') in 0.034926 seconds 
  Import took 0.050443 seconds .

AssetImportWorkerClient::OnTransportError - code=2 error=End of file
